<?xml version="1.0" encoding="UTF-8"?>
<testsuite xmlns:xsi="http://www.w3.org/2001/XMLSchema-instance" xsi:noNamespaceSchemaLocation="https://maven.apache.org/surefire/maven-surefire-plugin/xsd/surefire-test-report-3.0.xsd" version="3.0" name="com.stms.controller.CommentControllerIntegrationTest" time="4.394" tests="5" errors="0" skipped="0" failures="0">
  <properties>
[...]
</properties>
  <testcase name="addComment_201" classname="com.stms.controller.CommentControllerIntegrationTest" time="0.648">
    <system-out><![CDATA[19:48:29.199 [main] INFO org.springframework.test.context.support.AnnotationConfigContextLoaderUtils -- Could not detect default configuration classes for test class [com.stms.controller.CommentControllerIntegrationTest]: CommentControllerIntegrationTest does not declare any static, non-private, non-final, nested classes annotated with @Configuration.
19:48:29.274 [main] INFO org.springframework.boot.test.context.SpringBootTestContextBootstrapper -- Found @SpringBootConfiguration com.stms.StmsApplication for test class com.stms.controller.CommentControllerIntegrationTest

  .   ____          _            __ _ _
 /\\ / ___'_ __ _ _(_)_ __  __ _ \ \ \ \
( ( )\___ | '_ | '_| | '_ \/ _` | \ \ \ \
 \\/  ___)| |_)| | | | | || (_| |  ) ) ) )
  '  |____| .__|_| |_|_| |_\__, | / / / /
 =========|_|==============|___/=/_/_/_/

 :: Spring Boot ::                (v3.3.4)

2026-09-25T19:48:29.602+05:30  INFO 14461 --- [           main] c.s.c.CommentControllerIntegrationTest   : Starting CommentControllerIntegrationTest using Java 21.0.11 with PID 14461 (started by shivanshgautam in /home/shivanshgautam/Downloads/C2-Assignment/backend)
2026-09-25T19:48:29.603+05:30  INFO 14461 --- [           main] c.s.c.CommentControllerIntegrationTest   : The following 1 profile is active: "test"
2026-09-25T19:48:29.989+05:30  INFO 14461 --- [           main] .s.d.r.c.RepositoryConfigurationDelegate : Bootstrapping Spring Data JPA repositories in DEFAULT mode.
2026-09-25T19:48:30.022+05:30  INFO 14461 --- [           main] .s.d.r.c.RepositoryConfigurationDelegate : Finished Spring Data repository scanning in 28 ms. Found 2 JPA repository interfaces.
2026-09-25T19:48:30.313+05:30  INFO 14461 --- [           main] o.hibernate.jpa.internal.util.LogHelper  : HHH000204: Processing PersistenceUnitInfo [name: default]
2026-09-25T19:48:30.353+05:30  INFO 14461 --- [           main] org.hibernate.Version                    : HHH000412: Hibernate ORM core version 6.5.3.Final
2026-09-25T19:48:30.371+05:30  INFO 14461 --- [           main] o.h.c.internal.RegionFactoryInitiator    : HHH000026: Second-level cache disabled
2026-09-25T19:48:30.653+05:30  INFO 14461 --- [           main] o.s.o.j.p.SpringPersistenceUnitInfo      : No LoadTimeWeaver setup: ignoring JPA class transformer
2026-09-25T19:48:30.684+05:30  INFO 14461 --- [           main] com.zaxxer.hikari.HikariDataSource       : HikariPool-1 - Starting...
2026-09-25T19:48:30.802+05:30  INFO 14461 --- [           main] com.zaxxer.hikari.pool.HikariPool        : HikariPool-1 - Added connection conn0: url=jdbc:h2:mem:stms_test user=SA
2026-09-25T19:48:30.803+05:30  INFO 14461 --- [           main] com.zaxxer.hikari.HikariDataSource       : HikariPool-1 - Start completed.
2026-09-25T19:48:30.818+05:30  WARN 14461 --- [           main] org.hibernate.orm.deprecation            : HHH90000025: H2Dialect does not need to be specified explicitly using 'hibernate.dialect' (remove the property setting and it will be selected by default)
2026-09-25T19:48:31.498+05:30  INFO 14461 --- [           main] o.h.e.t.j.p.i.JtaPlatformInitiator       : HHH000489: No JTA platform available (set 'hibernate.transaction.jta.platform' to enable JTA platform integration)
2026-09-25T19:48:31.534+05:30  INFO 14461 --- [           main] j.LocalContainerEntityManagerFactoryBean : Initialized JPA EntityManagerFactory for persistence unit 'default'
2026-09-25T19:48:31.771+05:30  INFO 14461 --- [           main] o.s.d.j.r.query.QueryEnhancerFactory     : Hibernate is in classpath; If applicable, HQL parser will be used.
2026-09-25T19:48:32.460+05:30  WARN 14461 --- [           main] JpaBaseConfiguration$JpaWebConfiguration : spring.jpa.open-in-view is enabled by default. Therefore, database queries may be performed during view rendering. Explicitly configure spring.jpa.open-in-view to disable this warning
2026-09-25T19:48:32.735+05:30  INFO 14461 --- [           main] o.s.b.t.m.w.SpringBootMockServletContext : Initializing Spring TestDispatcherServlet ''
2026-09-25T19:48:32.736+05:30  INFO 14461 --- [           main] o.s.t.web.servlet.TestDispatcherServlet  : Initializing Servlet ''
2026-09-25T19:48:32.737+05:30  INFO 14461 --- [           main] o.s.t.web.servlet.TestDispatcherServlet  : Completed initialization in 1 ms
2026-09-25T19:48:32.757+05:30  INFO 14461 --- [           main] c.s.c.CommentControllerIntegrationTest   : Started CommentControllerIntegrationTest in 3.4 seconds (process running for 4.086)
]]></system-out>
    <system-err><![CDATA[WARNING: A Java agent has been loaded dynamically (/home/shivanshgautam/.m2/repository/net/bytebuddy/byte-buddy-agent/1.14.19/byte-buddy-agent-1.14.19.jar)
WARNING: If a serviceability tool is in use, please run with -XX:+EnableDynamicAgentLoading to hide this warning
WARNING: If a serviceability tool is not in use, please run with -Djdk.instrument.traceUsage for more information
WARNING: Dynamic loading of agents will be disallowed by default in a future release
]]></system-err>
  </testcase>
  <testcase name="addComment_404" classname="com.stms.controller.CommentControllerIntegrationTest" time="0.023"/>
  <testcase name="ticketDetail_includesComments" classname="com.stms.controller.CommentControllerIntegrationTest" time="0.021"/>
  <testcase name="addComment_400_blankAuthor" classname="com.stms.controller.CommentControllerIntegrationTest" time="0.015"/>
  <testcase name="addComment_400_blankContent" classname="com.stms.controller.CommentControllerIntegrationTest" time="0.01"/>
</testsuite>